<?xml version="1.0" encoding="UTF-8"?>
<!-- Generated by org.testng.reporters.JUnitReportReporter -->
<testsuite skipped="0" hostname="Srirahmanic" name="com.maven.selenium.TestCase_1" tests="1" failures="0" timestamp="18 Sep 2017 04:44:28 GMT" time="26.550" errors="0">
  <testcase name="homepagenavigation" time="26.550" classname="com.maven.selenium.TestCase_1"/>
</testsuite> <!-- com.maven.selenium.TestCase_1 -->
