<?xml version="1.0" encoding="UTF-8"?>
<!-- Generated by org.testng.reporters.JUnitReportReporter -->
<testsuite skipped="0" hostname="Srirahmanic" name="com.maven.seleniumframework.HomePage_LoginTestCase_1" tests="1" failures="0" timestamp="18 Sep 2017 07:27:48 GMT" time="11.581" errors="0">
  <testcase name="homepagenavigation" time="11.581" classname="com.maven.seleniumframework.HomePage_LoginTestCase_1"/>
</testsuite> <!-- com.maven.seleniumframework.HomePage_LoginTestCase_1 -->
