<?xml version="1.0" encoding="UTF-8"?>
<!-- Generated by org.testng.reporters.JUnitReportReporter -->
<testsuite name="com.maven.selenium.SecondTest" tests="1" time="16.359" ignored="0" failures="0" timestamp="13 Sep 2017 10:50:05 GMT" skipped="0" hostname="Srirahmanic" errors="0">
  <testcase name="testcase2" time="16.359" classname="com.maven.selenium.SecondTest"/>
</testsuite> <!-- com.maven.selenium.SecondTest -->
