<?xml version="1.0" encoding="UTF-8"?>
<!-- Generated by org.testng.reporters.JUnitReportReporter -->
<testsuite name="com.maven.selenium.MavenWorkDay1" tests="1" time="9.743" ignored="0" failures="0" timestamp="17 Sep 2017 17:15:50 GMT" skipped="0" hostname="Srirahmanic" errors="0">
  <testcase name="testcase1" time="9.743" classname="com.maven.selenium.MavenWorkDay1"/>
</testsuite> <!-- com.maven.selenium.MavenWorkDay1 -->
