<?xml version="1.0" encoding="UTF-8"?>
<!-- Generated by org.testng.reporters.JUnitReportReporter -->
<testsuite skipped="0" hostname="Srirahmanic" name="testcases.Login_Application" tests="1" failures="0" timestamp="13 Oct 2017 04:51:25 GMT" time="8.411" errors="0">
  <testcase name="login" time="8.411" classname="testcases.Login_Application"/>
</testsuite> <!-- testcases.Login_Application -->
