<?xml version="1.0" encoding="UTF-8"?>
<!-- Generated by org.testng.reporters.JUnitReportReporter -->
<testsuite skipped="0" hostname="Srirahmanic" name="testcases.Login_Demo" tests="1" failures="0" timestamp="13 Oct 2017 04:19:39 GMT" time="9.414" errors="0">
  <testcase name="login" time="9.414" classname="testcases.Login_Demo"/>
</testsuite> <!-- testcases.Login_Demo -->
