<?xml version="1.0" encoding="UTF-8"?>
<!-- Generated by org.testng.reporters.JUnitReportReporter -->
<testsuite name="com.maven.seleniumframework.HomePage_LoginTestCase_1" tests="1" time="12.486" ignored="0" failures="0" timestamp="18 Sep 2017 07:39:03 GMT" skipped="0" hostname="Srirahmanic" errors="0">
  <testcase name="homepagenavigation" time="12.486" classname="com.maven.seleniumframework.HomePage_LoginTestCase_1"/>
</testsuite> <!-- com.maven.seleniumframework.HomePage_LoginTestCase_1 -->
